0 silly argv {
0 silly argv   _: [ 'publish' ],
0 silly argv   contents: 'dist',
0 silly argv   composed: 'publish',
0 silly argv   lernaVersion: '3.22.1',
0 silly argv   '$0': 'lerna'
0 silly argv }
1 notice cli v3.22.1
2 verbose rootPath /home/drspacemanphd/dev/podcast-radio-web
3 info versioning independent
4 verbose session 89346ce553121ba8
5 verbose user-agent lerna/3.22.1/node@v14.14.0+x64 (linux)
6 silly argv {
6 silly argv   _: [ 'publish' ],
6 silly argv   contents: 'dist',
6 silly argv   composed: 'publish',
6 silly argv   lernaVersion: '3.22.1'
6 silly argv }
7 verbose rootPath /home/drspacemanphd/dev/podcast-radio-web
8 silly isAnythingCommitted
9 verbose isAnythingCommitted 1
10 silly currentBranch
11 verbose currentBranch master
12 silly remoteBranchExists
13 silly isBehindUpstream
14 silly isBehindUpstream master is behind origin/master by 0 commit(s) and ahead by 0
15 silly hasTags
16 verbose hasTags true
17 silly git-describe.sync "@drspacemanphd/podcast-radio-interfaces@0.0.1-alpha.3-1-gb3f7715" => {"lastTagName":"@drspacemanphd/podcast-radio-interfaces@0.0.1-alpha.3","lastVersion":"0.0.1-alpha.3","refCount":"1","sha":"b3f7715","isDirty":false}
18 info Looking for changed packages since @drspacemanphd/podcast-radio-interfaces@0.0.1-alpha.3
19 silly checking diff packages/podcast-radio-interfaces
20 silly found diff in packages/podcast-radio-interfaces/src/dao/podcast-dao.ts
21 verbose filtered diff [ 'packages/podcast-radio-interfaces/src/dao/podcast-dao.ts' ]
22 silly checking diff packages/podcast-radio-model
23 silly found diff in packages/podcast-radio-model/src/podcast/podcast.ts
24 verbose filtered diff [ 'packages/podcast-radio-model/src/podcast/podcast.ts' ]
25 verbose updated @drspacemanphd/podcast-radio-interfaces
26 verbose updated @drspacemanphd/podcast-radio-model
27 verbose git-describe undefined => "@drspacemanphd/podcast-radio-interfaces@0.0.1-alpha.3-1-gb3f7715"
28 silly git-describe parsed => {"lastTagName":"@drspacemanphd/podcast-radio-interfaces@0.0.1-alpha.3","lastVersion":"0.0.1-alpha.3","refCount":"1","sha":"b3f7715","isDirty":false}
29 silly independent for @drspacemanphd/podcast-radio-interfaces at /home/drspacemanphd/dev/podcast-radio-web/packages/podcast-radio-interfaces
30 verbose getChangelogConfig using preset "conventional-changelog-angular"
31 silly npa Result {
31 silly npa   type: 'tag',
31 silly npa   registry: true,
31 silly npa   where: undefined,
31 silly npa   raw: 'conventional-changelog-angular',
31 silly npa   name: 'conventional-changelog-angular',
31 silly npa   escapedName: 'conventional-changelog-angular',
31 silly npa   scope: undefined,
31 silly npa   rawSpec: '',
31 silly npa   saveSpec: null,
31 silly npa   fetchSpec: 'latest',
31 silly npa   gitRange: undefined,
31 silly npa   gitCommittish: undefined,
31 silly npa   hosted: undefined
31 silly npa }
32 verbose getChangelogConfig Attempting to resolve preset "conventional-changelog-angular"
33 info getChangelogConfig Successfully resolved preset "conventional-changelog-angular"
34 verbose independent increment 0.0.1-alpha.3 by prerelease
35 silly independent for @drspacemanphd/podcast-radio-model at /home/drspacemanphd/dev/podcast-radio-web/packages/podcast-radio-model
36 verbose independent increment 0.0.1-alpha.3 by prerelease
37 info execute Skipping releases
38 silly lifecycle No script for "preversion" in "podcast-radio-web", continuing
39 silly lifecycle No script for "preversion" in "@drspacemanphd/podcast-radio-model", continuing
40 silly lifecycle No script for "version" in "@drspacemanphd/podcast-radio-model", continuing
41 silly independent for @drspacemanphd/podcast-radio-model at /home/drspacemanphd/dev/podcast-radio-web/packages/podcast-radio-model
42 silly independent writing new entry: "## [0.0.1-alpha.4](https://github.com/drspacemanphd/podcast-radio-web/compare/@drspacemanphd/podcast-radio-model@0.0.1-alpha.3...@drspacemanphd/podcast-radio-model@0.0.1-alpha.4) (2020-11-22)\n\n**Note:** Version bump only for package @drspacemanphd/podcast-radio-model\n\n\n\n"
43 verbose independent wrote /home/drspacemanphd/dev/podcast-radio-web/packages/podcast-radio-model/CHANGELOG.md
44 silly lifecycle No script for "preversion" in "@drspacemanphd/podcast-radio-interfaces", continuing
45 silly lifecycle No script for "version" in "@drspacemanphd/podcast-radio-interfaces", continuing
46 silly independent for @drspacemanphd/podcast-radio-interfaces at /home/drspacemanphd/dev/podcast-radio-web/packages/podcast-radio-interfaces
47 silly independent writing new entry: "## [0.0.1-alpha.4](https://github.com/drspacemanphd/podcast-radio-web/compare/@drspacemanphd/podcast-radio-interfaces@0.0.1-alpha.3...@drspacemanphd/podcast-radio-interfaces@0.0.1-alpha.4) (2020-11-22)\n\n**Note:** Version bump only for package @drspacemanphd/podcast-radio-interfaces\n\n\n\n"
48 verbose independent wrote /home/drspacemanphd/dev/podcast-radio-web/packages/podcast-radio-interfaces/CHANGELOG.md
49 silly lifecycle No script for "version" in "podcast-radio-web", continuing
50 silly gitAdd [
50 silly gitAdd   'packages/podcast-radio-model/package.json',
50 silly gitAdd   'packages/podcast-radio-model/CHANGELOG.md',
50 silly gitAdd   'packages/podcast-radio-interfaces/package.json',
50 silly gitAdd   'packages/podcast-radio-interfaces/CHANGELOG.md'
50 silly gitAdd ]
51 silly gitCommit chore(release): publish
51 silly gitCommit
51 silly gitCommit  - @drspacemanphd/podcast-radio-interfaces@0.0.1-alpha.4
51 silly gitCommit  - @drspacemanphd/podcast-radio-model@0.0.1-alpha.4
52 verbose git [
52 verbose git   'commit',
52 verbose git   '-F',
52 verbose git   '/tmp/6abe165f-193c-44c5-bb4d-310315a3b8fb/lerna-commit.txt'
52 verbose git ]
53 silly gitTag @drspacemanphd/podcast-radio-interfaces@0.0.1-alpha.4
54 verbose git [
54 verbose git   'tag',
54 verbose git   '@drspacemanphd/podcast-radio-interfaces@0.0.1-alpha.4',
54 verbose git   '-m',
54 verbose git   '@drspacemanphd/podcast-radio-interfaces@0.0.1-alpha.4'
54 verbose git ]
55 silly gitTag @drspacemanphd/podcast-radio-model@0.0.1-alpha.4
56 verbose git [
56 verbose git   'tag',
56 verbose git   '@drspacemanphd/podcast-radio-model@0.0.1-alpha.4',
56 verbose git   '-m',
56 verbose git   '@drspacemanphd/podcast-radio-model@0.0.1-alpha.4'
56 verbose git ]
57 silly lifecycle No script for "postversion" in "@drspacemanphd/podcast-radio-interfaces", continuing
58 silly lifecycle No script for "postversion" in "@drspacemanphd/podcast-radio-model", continuing
59 silly lifecycle No script for "postversion" in "podcast-radio-web", continuing
60 info git Pushing tags...
61 silly gitPush origin master
62 info publish Publishing packages to npm...
63 notice Skipping all user and access validation due to third-party registry
64 notice Make sure you're authenticated properly ¯\_(ツ)_/¯
65 warn ENOLICENSE Packages @drspacemanphd/podcast-radio-interfaces and @drspacemanphd/podcast-radio-model are missing a license.
65 warn ENOLICENSE One way to fix this is to add a LICENSE.md file to the root of this repository.
65 warn ENOLICENSE See https://choosealicense.com for additional guidance.
66 silly getCurrentSHA
67 verbose getCurrentSHA d2e12ef87c7a3e853eb33ef21b739f3ac6cc1424
68 silly lifecycle No script for "prepublish" in "podcast-radio-web", continuing
69 silly lifecycle No script for "prepare" in "podcast-radio-web", continuing
70 silly lifecycle No script for "prepublishOnly" in "podcast-radio-web", continuing
71 silly lifecycle No script for "prepack" in "podcast-radio-web", continuing
72 verbose pack-directory packages/podcast-radio-model/dist
73 silly lifecycle No script for "prepublish" in "@drspacemanphd/podcast-radio-model", continuing
74 silly lifecycle No script for "prepare" in "@drspacemanphd/podcast-radio-model", continuing
75 silly lifecycle No script for "prepublishOnly" in "@drspacemanphd/podcast-radio-model", continuing
76 silly lifecycle No script for "prepack" in "@drspacemanphd/podcast-radio-model", continuing
77 silly lifecycle No script for "postpack" in "@drspacemanphd/podcast-radio-model", continuing
78 verbose packed packages/podcast-radio-model/dist
79 verbose pack-directory packages/podcast-radio-interfaces/dist
80 silly lifecycle No script for "prepublish" in "@drspacemanphd/podcast-radio-interfaces", continuing
81 silly lifecycle No script for "prepare" in "@drspacemanphd/podcast-radio-interfaces", continuing
82 silly lifecycle No script for "prepublishOnly" in "@drspacemanphd/podcast-radio-interfaces", continuing
83 silly lifecycle No script for "prepack" in "@drspacemanphd/podcast-radio-interfaces", continuing
84 silly lifecycle No script for "postpack" in "@drspacemanphd/podcast-radio-interfaces", continuing
85 verbose packed packages/podcast-radio-interfaces/dist
86 silly lifecycle No script for "postpack" in "podcast-radio-web", continuing
87 verbose publish @drspacemanphd/podcast-radio-model
88 error
